0 info it worked if it ends with ok
1 verbose cli [ 'C:\\Program Files\\nodejs\\node.exe',
1 verbose cli   'C:\\Program Files\\nodejs\\node_modules\\npm\\bin\\npm-cli.js',
1 verbose cli   'start' ]
2 info using npm@3.10.10
3 info using node@v6.9.4
4 verbose run-script [ 'prestart', 'start', 'poststart' ]
5 info lifecycle images-app@1.0.0~prestart: images-app@1.0.0
6 silly lifecycle images-app@1.0.0~prestart: no script for prestart, continuing
7 info lifecycle images-app@1.0.0~start: images-app@1.0.0
8 verbose lifecycle images-app@1.0.0~start: unsafe-perm in lifecycle true
9 verbose lifecycle images-app@1.0.0~start: PATH: C:\Program Files\nodejs\node_modules\npm\bin\node-gyp-bin;D:\images-app\app\node_modules\.bin;C:\FkClnt1\USER;C:\FkClnt1\SYSTEM;C:\ProgramData\Oracle\Java\javapath;C:\Windows\system32;C:\Windows;C:\Windows\System32\Wbem;C:\Windows\System32\WindowsPowerShell\v1.0\;C:\Program Files\7-Zip;C:\Program Files (x86)\MySQL\MySQL Fabric 1.5.4 & MySQL Utilities 1.5.4 1.5\;C:\Program Files (x86)\MySQL\MySQL Fabric 1.5.4 & MySQL Utilities 1.5.4 1.5\Doctrine extensions for PHP\;C:\php;C:\Program Files (x86)\Skype\Phone\;C:\Program Files\Git\cmd;C:\Program Files (x86)\Heroku\bin;C:\Program Files (x86)\git\cmd;C:\Program Files (x86)\Git\cmd;C:\Program Files\nodejs\;C:\Program Files (x86)\Microsoft VS Code\bin;C:\Program Files (x86)\Heroku\bin;C:\Users\User\AppData\Roaming\npm
10 verbose lifecycle images-app@1.0.0~start: CWD: D:\images-app\app
11 silly lifecycle images-app@1.0.0~start: Args: [ '/d /s /c', 'node ./bin/www' ]
12 silly lifecycle images-app@1.0.0~start: Returned: code: 3221225786  signal: null
13 info lifecycle images-app@1.0.0~start: Failed to exec start script
14 verbose stack Error: images-app@1.0.0 start: `node ./bin/www`
14 verbose stack Exit status 3221225786
14 verbose stack     at EventEmitter.<anonymous> (C:\Program Files\nodejs\node_modules\npm\lib\utils\lifecycle.js:255:16)
14 verbose stack     at emitTwo (events.js:106:13)
14 verbose stack     at EventEmitter.emit (events.js:191:7)
14 verbose stack     at ChildProcess.<anonymous> (C:\Program Files\nodejs\node_modules\npm\lib\utils\spawn.js:40:14)
14 verbose stack     at emitTwo (events.js:106:13)
14 verbose stack     at ChildProcess.emit (events.js:191:7)
14 verbose stack     at maybeClose (internal/child_process.js:877:16)
14 verbose stack     at Process.ChildProcess._handle.onexit (internal/child_process.js:226:5)
15 verbose pkgid images-app@1.0.0
16 verbose cwd D:\images-app\app
17 error Windows_NT 6.1.7601
18 error argv "C:\\Program Files\\nodejs\\node.exe" "C:\\Program Files\\nodejs\\node_modules\\npm\\bin\\npm-cli.js" "start"
19 error node v6.9.4
20 error npm  v3.10.10
21 error code ELIFECYCLE
22 error images-app@1.0.0 start: `node ./bin/www`
22 error Exit status 3221225786
23 error Failed at the images-app@1.0.0 start script 'node ./bin/www'.
23 error Make sure you have the latest version of node.js and npm installed.
23 error If you do, this is most likely a problem with the images-app package,
23 error not with npm itself.
23 error Tell the author that this fails on your system:
23 error     node ./bin/www
23 error You can get information on how to open an issue for this project with:
23 error     npm bugs images-app
23 error Or if that isn't available, you can get their info via:
23 error     npm owner ls images-app
23 error There is likely additional logging output above.
24 verbose exit [ 1, true ]
